Compiling the C compiler identification source file "CMakeCCompilerId.c" failed.
Compiler: /usr/local/amax.cdt/bin/amax-cc 
Build flags: ;-O3;
Id flags:  

The output was:
255
/usr/local/amax.cdt/bin/wasm-ld: error: fatal failure: contract with no actions and trying to create dispatcher


Compiling the CXX compiler identification source file "CMakeCXXCompilerId.cpp" failed.
Compiler: /usr/local/amax.cdt/bin/amax-cpp 
Build flags: ;-O3;
Id flags:  

The output was:
255
/usr/local/amax.cdt/bin/wasm-ld: error: fatal failure: contract with no actions and trying to create dispatcher


Detecting C compiler ABI info failed to compile with the following output:
Change Dir: /Users/richardchen/work/wasm.contracts/toolkit.contracts/build/contracts/CMakeFiles/CMakeTmp

Run Build Command(s):/usr/bin/make -f Makefile cmTC_d379e/fast && /Applications/Xcode.app/Contents/Developer/usr/bin/make  -f CMakeFiles/cmTC_d379e.dir/build.make CMakeFiles/cmTC_d379e.dir/build
Building C object CMakeFiles/cmTC_d379e.dir/CMakeCCompilerABI.c.obj
/usr/local/amax.cdt/bin/amax-cc   -O3     -v -MD -MT CMakeFiles/cmTC_d379e.dir/CMakeCCompilerABI.c.obj -MF CMakeFiles/cmTC_d379e.dir/CMakeCCompilerABI.c.obj.d -o CMakeFiles/cmTC_d379e.dir/CMakeCCompilerABI.c.obj -c /usr/local/Cellar/cmake/3.24.3/share/cmake/Modules/CMakeCCompilerABI.c
clang version 7.0.0 (https://github.com/eosio/clang.git 6b886302a11a8419b76e469794ff9d0c531a4b4b) (git@github.com:eosio/llvm 3c026f8b7813ad693749d3551353a554c5ca33e7)
Target: x86_64-apple-darwin22.1.0
Thread model: posix
InstalledDir: /usr/local/amax.cdt/bin
Linking C executable cmTC_d379e.wasm
/usr/local/Cellar/cmake/3.24.3/bin/cmake -E cmake_link_script CMakeFiles/cmTC_d379e.dir/link.txt --verbose=1
/usr/local/amax.cdt/bin/amax-ld -L/usr/local/opt/openssl@1.1/lib -v CMakeFiles/cmTC_d379e.dir/CMakeCCompilerABI.c.obj -o cmTC_d379e.wasm 
amax-ld: Unknown command line argument '-v'.  Try: '/usr/local/amax.cdt/bin/amax-ld -help'
amax-ld: Did you mean '-L'?
make[4]: *** [cmTC_d379e.wasm] Error 1
make[3]: *** [cmTC_d379e/fast] Error 2




Detecting CXX compiler ABI info failed to compile with the following output:
Change Dir: /Users/richardchen/work/wasm.contracts/toolkit.contracts/build/contracts/CMakeFiles/CMakeTmp

Run Build Command(s):/usr/bin/make -f Makefile cmTC_4a697/fast && /Applications/Xcode.app/Contents/Developer/usr/bin/make  -f CMakeFiles/cmTC_4a697.dir/build.make CMakeFiles/cmTC_4a697.dir/build
Building CXX object CMakeFiles/cmTC_4a697.dir/CMakeCXXCompilerABI.cpp.obj
/usr/local/amax.cdt/bin/amax-cpp   -O3     -v -MD -MT CMakeFiles/cmTC_4a697.dir/CMakeCXXCompilerABI.cpp.obj -MF CMakeFiles/cmTC_4a697.dir/CMakeCXXCompilerABI.cpp.obj.d -o CMakeFiles/cmTC_4a697.dir/CMakeCXXCompilerABI.cpp.obj -c /usr/local/Cellar/cmake/3.24.3/share/cmake/Modules/CMakeCXXCompilerABI.cpp
clang version 7.0.0 (https://github.com/eosio/clang.git 6b886302a11a8419b76e469794ff9d0c531a4b4b) (git@github.com:eosio/llvm 3c026f8b7813ad693749d3551353a554c5ca33e7)
Target: x86_64-apple-darwin22.1.0
Thread model: posix
InstalledDir: /usr/local/amax.cdt/bin
Linking CXX executable cmTC_4a697.wasm
/usr/local/Cellar/cmake/3.24.3/bin/cmake -E cmake_link_script CMakeFiles/cmTC_4a697.dir/link.txt --verbose=1
/usr/local/amax.cdt/bin/amax-ld -L/usr/local/opt/openssl@1.1/lib -v CMakeFiles/cmTC_4a697.dir/CMakeCXXCompilerABI.cpp.obj -o cmTC_4a697.wasm 
amax-ld: Unknown command line argument '-v'.  Try: '/usr/local/amax.cdt/bin/amax-ld -help'
amax-ld: Did you mean '-L'?
make[4]: *** [cmTC_4a697.wasm] Error 1
make[3]: *** [cmTC_4a697/fast] Error 2




